Arguments: 
  /usr/local/bin/node /usr/local/bin/yarn start

PATH: 
  /usr/local/bin:/usr/bin:/bin:/usr/sbin:/sbin

Yarn version: 
  1.5.1

Node version: 
  11.10.1

Platform: 
  darwin x64

npm manifest: 
  {
    "name": "test-driven-carousel",
    "private": true,
    "version": "1.0.0",
    "description": "",
    "main": "index.js",
    "scripts": {
      "test": "jest",
      "lint:js": "eslint . && prettier-eslint --list-different **/*.js",
      "lint:css": "stylelint **/*.js",
      "lint": "npm run lint:js && npm run lint:css",
      "format": "prettier-eslint --write **/*.js",
      "build": "webpack --config webpack.config.js",
      "dev": "webpack-dev-server --config webpack.config.js --open"
    },
    "keywords": [],
    "author": "",
    "license": "ISC",
    "devDependencies": {
      "@babel/core": "^7.2.0",
      "@babel/plugin-proposal-class-properties": "^7.1.0",
      "@babel/preset-env": "^7.2.0",
      "@babel/preset-react": "^7.0.0",
      "babel-core": "^7.0.0-bridge.0",
      "babel-eslint": "^10.0.2",
      "babel-jest": "^23.6.0",
      "babel-loader": "^8.0.4",
      "babel-plugin-styled-components": "^1.9.2",
      "enzyme": "^3.8.0",
      "enzyme-adapter-react-16": "^1.7.1",
      "enzyme-to-json": "^3.3.5",
      "eslint": "^5.10.0",
      "eslint-plugin-jest": "^22.1.2",
      "eslint-plugin-react": "^7.11.1",
      "html-webpack-plugin": "^3.2.0",
      "jest": "^23.6.0",
      "jest-styled-components": "^6.3.1",
      "prettier-eslint-cli": "^4.7.1",
      "react-dom": "^16.4.2",
      "stylelint": "^9.9.0",
      "stylelint-config-recommended": "^2.1.0",
      "stylelint-config-styled-components": "^0.1.1",
      "stylelint-processor-styled-components": "^1.5.1",
      "webpack": "^4.26.1",
      "webpack-cli": "^3.1.2",
      "webpack-dev-server": "^3.1.10"
    },
    "dependencies": {
      "@babel/cli": "^7.2.0",
      "prop-types": "^15.7.2",
      "react": "^16.4.2",
      "styled-components": "^4.1.1"
    }
  }

yarn manifest: 
  No manifest

Lockfile: 
  No lockfile

Trace: 
  Error: Command "start" not found.
      at new MessageError (/usr/local/lib/node_modules/yarn/lib/cli.js:186:110)
      at /usr/local/lib/node_modules/yarn/lib/cli.js:87307:17
      at Generator.next (<anonymous>)
      at step (/usr/local/lib/node_modules/yarn/lib/cli.js:98:30)
      at /usr/local/lib/node_modules/yarn/lib/cli.js:116:14
      at new Promise (<anonymous>)
      at new F (/usr/local/lib/node_modules/yarn/lib/cli.js:23451:28)
      at /usr/local/lib/node_modules/yarn/lib/cli.js:95:12
      at runCommand (/usr/local/lib/node_modules/yarn/lib/cli.js:87312:22)
      at Object.<anonymous> (/usr/local/lib/node_modules/yarn/lib/cli.js:87412:14)
